ARM GAS  C:\Users\mqsau\AppData\Local\Temp\cck6Qd2y.s 			page 1


   1              		.cpu cortex-m4
   2              		.arch armv7e-m
   3              		.fpu fpv4-sp-d16
   4              		.eabi_attribute 27, 1
   5              		.eabi_attribute 28, 1
   6              		.eabi_attribute 20, 1
   7              		.eabi_attribute 21, 1
   8              		.eabi_attribute 23, 3
   9              		.eabi_attribute 24, 1
  10              		.eabi_attribute 25, 1
  11              		.eabi_attribute 26, 1
  12              		.eabi_attribute 30, 1
  13              		.eabi_attribute 34, 1
  14              		.eabi_attribute 18, 4
  15              		.file	"main.c"
  16              		.text
  17              	.Ltext0:
  18              		.cfi_sections	.debug_frame
  19              		.section	.text.MX_GPIO_Init,"ax",%progbits
  20              		.align	1
  21              		.syntax unified
  22              		.thumb
  23              		.thumb_func
  25              	MX_GPIO_Init:
  26              	.LFB126:
  27              		.file 1 "Core/Src/main.c"
   1:Core/Src/main.c **** /* USER CODE BEGIN Header */
   2:Core/Src/main.c **** /**
   3:Core/Src/main.c ****   ******************************************************************************
   4:Core/Src/main.c ****   * @file           : main.c
   5:Core/Src/main.c ****   * @brief          : Main program body
   6:Core/Src/main.c ****   ******************************************************************************
   7:Core/Src/main.c ****   * @attention
   8:Core/Src/main.c ****   *
   9:Core/Src/main.c ****   * Copyright (c) 2024 STMicroelectronics.
  10:Core/Src/main.c ****   * All rights reserved.
  11:Core/Src/main.c ****   *
  12:Core/Src/main.c ****   * This software is licensed under terms that can be found in the LICENSE file
  13:Core/Src/main.c ****   * in the root directory of this software component.
  14:Core/Src/main.c ****   * If no LICENSE file comes with this software, it is provided AS-IS.
  15:Core/Src/main.c ****   *
  16:Core/Src/main.c ****   ******************************************************************************
  17:Core/Src/main.c ****   */
  18:Core/Src/main.c **** /* USER CODE END Header */
  19:Core/Src/main.c **** /* Includes ------------------------------------------------------------------*/
  20:Core/Src/main.c **** #include "main.h"
  21:Core/Src/main.c **** 
  22:Core/Src/main.c **** /* Private includes ----------------------------------------------------------*/
  23:Core/Src/main.c **** /* USER CODE BEGIN Includes */
  24:Core/Src/main.c **** 
  25:Core/Src/main.c **** /* USER CODE END Includes */
  26:Core/Src/main.c **** 
  27:Core/Src/main.c **** /* Private typedef -----------------------------------------------------------*/
  28:Core/Src/main.c **** /* USER CODE BEGIN PTD */
  29:Core/Src/main.c **** 
  30:Core/Src/main.c **** /* USER CODE END PTD */
  31:Core/Src/main.c **** 
ARM GAS  C:\Users\mqsau\AppData\Local\Temp\cck6Qd2y.s 			page 2


  32:Core/Src/main.c **** /* Private define ------------------------------------------------------------*/
  33:Core/Src/main.c **** /* USER CODE BEGIN PD */
  34:Core/Src/main.c **** 
  35:Core/Src/main.c **** /* USER CODE END PD */
  36:Core/Src/main.c **** 
  37:Core/Src/main.c **** /* Private macro -------------------------------------------------------------*/
  38:Core/Src/main.c **** /* USER CODE BEGIN PM */
  39:Core/Src/main.c **** 
  40:Core/Src/main.c **** /* USER CODE END PM */
  41:Core/Src/main.c **** 
  42:Core/Src/main.c **** /* Private variables ---------------------------------------------------------*/
  43:Core/Src/main.c **** UART_HandleTypeDef huart2;
  44:Core/Src/main.c **** 
  45:Core/Src/main.c **** /* USER CODE BEGIN PV */
  46:Core/Src/main.c **** 
  47:Core/Src/main.c **** /* USER CODE END PV */
  48:Core/Src/main.c **** 
  49:Core/Src/main.c **** /* Private function prototypes -----------------------------------------------*/
  50:Core/Src/main.c **** void SystemClock_Config(void);
  51:Core/Src/main.c **** static void MX_GPIO_Init(void);
  52:Core/Src/main.c **** static void MX_USART2_UART_Init(void);
  53:Core/Src/main.c **** /* USER CODE BEGIN PFP */
  54:Core/Src/main.c **** 
  55:Core/Src/main.c **** /* USER CODE END PFP */
  56:Core/Src/main.c **** 
  57:Core/Src/main.c **** /* Private user code ---------------------------------------------------------*/
  58:Core/Src/main.c **** /* USER CODE BEGIN 0 */
  59:Core/Src/main.c **** 
  60:Core/Src/main.c **** /* USER CODE END 0 */
  61:Core/Src/main.c **** 
  62:Core/Src/main.c **** /**
  63:Core/Src/main.c ****   * @brief  The application entry point.
  64:Core/Src/main.c ****   * @retval int
  65:Core/Src/main.c ****   */
  66:Core/Src/main.c **** int main(void)
  67:Core/Src/main.c **** {
  68:Core/Src/main.c **** 
  69:Core/Src/main.c ****   /* USER CODE BEGIN 1 */
  70:Core/Src/main.c **** 
  71:Core/Src/main.c ****   /* USER CODE END 1 */
  72:Core/Src/main.c **** 
  73:Core/Src/main.c ****   /* MCU Configuration--------------------------------------------------------*/
  74:Core/Src/main.c **** 
  75:Core/Src/main.c ****   /* Reset of all peripherals, Initializes the Flash interface and the Systick. */
  76:Core/Src/main.c ****   HAL_Init();
  77:Core/Src/main.c **** 
  78:Core/Src/main.c ****   /* USER CODE BEGIN Init */
  79:Core/Src/main.c **** 
  80:Core/Src/main.c ****   /* USER CODE END Init */
  81:Core/Src/main.c **** 
  82:Core/Src/main.c ****   /* Configure the system clock */
  83:Core/Src/main.c ****   SystemClock_Config();
  84:Core/Src/main.c **** 
  85:Core/Src/main.c ****   /* USER CODE BEGIN SysInit */
  86:Core/Src/main.c **** 
  87:Core/Src/main.c ****   /* USER CODE END SysInit */
  88:Core/Src/main.c **** 
ARM GAS  C:\Users\mqsau\AppData\Local\Temp\cck6Qd2y.s 			page 3


  89:Core/Src/main.c ****   /* Initialize all configured peripherals */
  90:Core/Src/main.c ****   MX_GPIO_Init();
  91:Core/Src/main.c ****   MX_USART2_UART_Init();
  92:Core/Src/main.c ****   /* USER CODE BEGIN 2 */
  93:Core/Src/main.c **** 
  94:Core/Src/main.c ****   /* USER CODE END 2 */
  95:Core/Src/main.c **** 
  96:Core/Src/main.c ****   /* Infinite loop */
  97:Core/Src/main.c ****   /* USER CODE BEGIN WHILE */
  98:Core/Src/main.c ****   while (1)
  99:Core/Src/main.c ****   {
 100:Core/Src/main.c **** 	      HAL_Delay(1000);
 101:Core/Src/main.c **** 	  HAL_GPIO_TogglePin(GPIOB,GPIO_PIN_13);
 102:Core/Src/main.c ****     /* USER CODE END WHILE */
 103:Core/Src/main.c **** 
 104:Core/Src/main.c ****     /* USER CODE BEGIN 3 */
 105:Core/Src/main.c ****   }
 106:Core/Src/main.c ****   /* USER CODE END 3 */
 107:Core/Src/main.c **** }
 108:Core/Src/main.c **** 
 109:Core/Src/main.c **** /**
 110:Core/Src/main.c ****   * @brief System Clock Configuration
 111:Core/Src/main.c ****   * @retval None
 112:Core/Src/main.c ****   */
 113:Core/Src/main.c **** void SystemClock_Config(void)
 114:Core/Src/main.c **** {
 115:Core/Src/main.c ****   RCC_OscInitTypeDef RCC_OscInitStruct = {0};
 116:Core/Src/main.c ****   RCC_ClkInitTypeDef RCC_ClkInitStruct = {0};
 117:Core/Src/main.c **** 
 118:Core/Src/main.c ****   /** Initializes the RCC Oscillators according to the specified parameters
 119:Core/Src/main.c ****   * in the RCC_OscInitTypeDef structure.
 120:Core/Src/main.c ****   */
 121:Core/Src/main.c ****   RCC_OscInitStruct.OscillatorType = RCC_OSCILLATORTYPE_HSI;
 122:Core/Src/main.c ****   RCC_OscInitStruct.HSIState = RCC_HSI_ON;
 123:Core/Src/main.c ****   RCC_OscInitStruct.HSICalibrationValue = RCC_HSICALIBRATION_DEFAULT;
 124:Core/Src/main.c ****   RCC_OscInitStruct.PLL.PLLState = RCC_PLL_ON;
 125:Core/Src/main.c ****   RCC_OscInitStruct.PLL.PLLSource = RCC_PLLSOURCE_HSI;
 126:Core/Src/main.c ****   RCC_OscInitStruct.PLL.PLLMUL = RCC_PLL_MUL16;
 127:Core/Src/main.c ****   if (HAL_RCC_OscConfig(&RCC_OscInitStruct) != HAL_OK)
 128:Core/Src/main.c ****   {
 129:Core/Src/main.c ****     Error_Handler();
 130:Core/Src/main.c ****   }
 131:Core/Src/main.c **** 
 132:Core/Src/main.c ****   /** Initializes the CPU, AHB and APB buses clocks
 133:Core/Src/main.c ****   */
 134:Core/Src/main.c ****   RCC_ClkInitStruct.ClockType = RCC_CLOCKTYPE_HCLK|RCC_CLOCKTYPE_SYSCLK
 135:Core/Src/main.c ****                               |RCC_CLOCKTYPE_PCLK1|RCC_CLOCKTYPE_PCLK2;
 136:Core/Src/main.c ****   RCC_ClkInitStruct.SYSCLKSource = RCC_SYSCLKSOURCE_PLLCLK;
 137:Core/Src/main.c ****   RCC_ClkInitStruct.AHBCLKDivider = RCC_SYSCLK_DIV1;
 138:Core/Src/main.c ****   RCC_ClkInitStruct.APB1CLKDivider = RCC_HCLK_DIV2;
 139:Core/Src/main.c ****   RCC_ClkInitStruct.APB2CLKDivider = RCC_HCLK_DIV1;
 140:Core/Src/main.c **** 
 141:Core/Src/main.c ****   if (HAL_RCC_ClockConfig(&RCC_ClkInitStruct, FLASH_LATENCY_2) != HAL_OK)
 142:Core/Src/main.c ****   {
 143:Core/Src/main.c ****     Error_Handler();
 144:Core/Src/main.c ****   }
 145:Core/Src/main.c **** }
ARM GAS  C:\Users\mqsau\AppData\Local\Temp\cck6Qd2y.s 			page 4


 146:Core/Src/main.c **** 
 147:Core/Src/main.c **** /**
 148:Core/Src/main.c ****   * @brief USART2 Initialization Function
 149:Core/Src/main.c ****   * @param None
 150:Core/Src/main.c ****   * @retval None
 151:Core/Src/main.c ****   */
 152:Core/Src/main.c **** static void MX_USART2_UART_Init(void)
 153:Core/Src/main.c **** {
 154:Core/Src/main.c **** 
 155:Core/Src/main.c ****   /* USER CODE BEGIN USART2_Init 0 */
 156:Core/Src/main.c **** 
 157:Core/Src/main.c ****   /* USER CODE END USART2_Init 0 */
 158:Core/Src/main.c **** 
 159:Core/Src/main.c ****   /* USER CODE BEGIN USART2_Init 1 */
 160:Core/Src/main.c **** 
 161:Core/Src/main.c ****   /* USER CODE END USART2_Init 1 */
 162:Core/Src/main.c ****   huart2.Instance = USART2;
 163:Core/Src/main.c ****   huart2.Init.BaudRate = 38400;
 164:Core/Src/main.c ****   huart2.Init.WordLength = UART_WORDLENGTH_8B;
 165:Core/Src/main.c ****   huart2.Init.StopBits = UART_STOPBITS_1;
 166:Core/Src/main.c ****   huart2.Init.Parity = UART_PARITY_NONE;
 167:Core/Src/main.c ****   huart2.Init.Mode = UART_MODE_TX_RX;
 168:Core/Src/main.c ****   huart2.Init.HwFlowCtl = UART_HWCONTROL_NONE;
 169:Core/Src/main.c ****   huart2.Init.OverSampling = UART_OVERSAMPLING_16;
 170:Core/Src/main.c ****   huart2.Init.OneBitSampling = UART_ONE_BIT_SAMPLE_DISABLE;
 171:Core/Src/main.c ****   huart2.AdvancedInit.AdvFeatureInit = UART_ADVFEATURE_NO_INIT;
 172:Core/Src/main.c ****   if (HAL_UART_Init(&huart2) != HAL_OK)
 173:Core/Src/main.c ****   {
 174:Core/Src/main.c ****     Error_Handler();
 175:Core/Src/main.c ****   }
 176:Core/Src/main.c ****   /* USER CODE BEGIN USART2_Init 2 */
 177:Core/Src/main.c **** 
 178:Core/Src/main.c ****   /* USER CODE END USART2_Init 2 */
 179:Core/Src/main.c **** 
 180:Core/Src/main.c **** }
 181:Core/Src/main.c **** 
 182:Core/Src/main.c **** /**
 183:Core/Src/main.c ****   * @brief GPIO Initialization Function
 184:Core/Src/main.c ****   * @param None
 185:Core/Src/main.c ****   * @retval None
 186:Core/Src/main.c ****   */
 187:Core/Src/main.c **** static void MX_GPIO_Init(void)
 188:Core/Src/main.c **** {
  28              		.loc 1 188 1 view -0
  29              		.cfi_startproc
  30              		@ args = 0, pretend = 0, frame = 40
  31              		@ frame_needed = 0, uses_anonymous_args = 0
  32 0000 70B5     		push	{r4, r5, r6, lr}
  33              	.LCFI0:
  34              		.cfi_def_cfa_offset 16
  35              		.cfi_offset 4, -16
  36              		.cfi_offset 5, -12
  37              		.cfi_offset 6, -8
  38              		.cfi_offset 14, -4
  39 0002 8AB0     		sub	sp, sp, #40
  40              	.LCFI1:
  41              		.cfi_def_cfa_offset 56
ARM GAS  C:\Users\mqsau\AppData\Local\Temp\cck6Qd2y.s 			page 5


 189:Core/Src/main.c ****   GPIO_InitTypeDef GPIO_InitStruct = {0};
  42              		.loc 1 189 3 view .LVU1
  43              		.loc 1 189 20 is_stmt 0 view .LVU2
  44 0004 0024     		movs	r4, #0
  45 0006 0594     		str	r4, [sp, #20]
  46 0008 0694     		str	r4, [sp, #24]
  47 000a 0794     		str	r4, [sp, #28]
  48 000c 0894     		str	r4, [sp, #32]
  49 000e 0994     		str	r4, [sp, #36]
 190:Core/Src/main.c **** /* USER CODE BEGIN MX_GPIO_Init_1 */
 191:Core/Src/main.c **** /* USER CODE END MX_GPIO_Init_1 */
 192:Core/Src/main.c **** 
 193:Core/Src/main.c ****   /* GPIO Ports Clock Enable */
 194:Core/Src/main.c ****   __HAL_RCC_GPIOC_CLK_ENABLE();
  50              		.loc 1 194 3 is_stmt 1 view .LVU3
  51              	.LBB4:
  52              		.loc 1 194 3 view .LVU4
  53              		.loc 1 194 3 view .LVU5
  54 0010 204B     		ldr	r3, .L3
  55 0012 5A69     		ldr	r2, [r3, #20]
  56 0014 42F40022 		orr	r2, r2, #524288
  57 0018 5A61     		str	r2, [r3, #20]
  58              		.loc 1 194 3 view .LVU6
  59 001a 5A69     		ldr	r2, [r3, #20]
  60 001c 02F40022 		and	r2, r2, #524288
  61 0020 0192     		str	r2, [sp, #4]
  62              		.loc 1 194 3 view .LVU7
  63 0022 019A     		ldr	r2, [sp, #4]
  64              	.LBE4:
  65              		.loc 1 194 3 view .LVU8
 195:Core/Src/main.c ****   __HAL_RCC_GPIOF_CLK_ENABLE();
  66              		.loc 1 195 3 view .LVU9
  67              	.LBB5:
  68              		.loc 1 195 3 view .LVU10
  69              		.loc 1 195 3 view .LVU11
  70 0024 5A69     		ldr	r2, [r3, #20]
  71 0026 42F48002 		orr	r2, r2, #4194304
  72 002a 5A61     		str	r2, [r3, #20]
  73              		.loc 1 195 3 view .LVU12
  74 002c 5A69     		ldr	r2, [r3, #20]
  75 002e 02F48002 		and	r2, r2, #4194304
  76 0032 0292     		str	r2, [sp, #8]
  77              		.loc 1 195 3 view .LVU13
  78 0034 029A     		ldr	r2, [sp, #8]
  79              	.LBE5:
  80              		.loc 1 195 3 view .LVU14
 196:Core/Src/main.c ****   __HAL_RCC_GPIOA_CLK_ENABLE();
  81              		.loc 1 196 3 view .LVU15
  82              	.LBB6:
  83              		.loc 1 196 3 view .LVU16
  84              		.loc 1 196 3 view .LVU17
  85 0036 5A69     		ldr	r2, [r3, #20]
  86 0038 42F40032 		orr	r2, r2, #131072
  87 003c 5A61     		str	r2, [r3, #20]
  88              		.loc 1 196 3 view .LVU18
  89 003e 5A69     		ldr	r2, [r3, #20]
  90 0040 02F40032 		and	r2, r2, #131072
ARM GAS  C:\Users\mqsau\AppData\Local\Temp\cck6Qd2y.s 			page 6


  91 0044 0392     		str	r2, [sp, #12]
  92              		.loc 1 196 3 view .LVU19
  93 0046 039A     		ldr	r2, [sp, #12]
  94              	.LBE6:
  95              		.loc 1 196 3 view .LVU20
 197:Core/Src/main.c ****   __HAL_RCC_GPIOB_CLK_ENABLE();
  96              		.loc 1 197 3 view .LVU21
  97              	.LBB7:
  98              		.loc 1 197 3 view .LVU22
  99              		.loc 1 197 3 view .LVU23
 100 0048 5A69     		ldr	r2, [r3, #20]
 101 004a 42F48022 		orr	r2, r2, #262144
 102 004e 5A61     		str	r2, [r3, #20]
 103              		.loc 1 197 3 view .LVU24
 104 0050 5B69     		ldr	r3, [r3, #20]
 105 0052 03F48023 		and	r3, r3, #262144
 106 0056 0493     		str	r3, [sp, #16]
 107              		.loc 1 197 3 view .LVU25
 108 0058 049B     		ldr	r3, [sp, #16]
 109              	.LBE7:
 110              		.loc 1 197 3 view .LVU26
 198:Core/Src/main.c **** 
 199:Core/Src/main.c ****   /*Configure GPIO pin Output Level */
 200:Core/Src/main.c ****   HAL_GPIO_WritePin(LD2_GPIO_Port, LD2_Pin, GPIO_PIN_RESET);
 111              		.loc 1 200 3 view .LVU27
 112 005a 0F4D     		ldr	r5, .L3+4
 113 005c 2246     		mov	r2, r4
 114 005e 4FF40051 		mov	r1, #8192
 115 0062 2846     		mov	r0, r5
 116 0064 FFF7FEFF 		bl	HAL_GPIO_WritePin
 117              	.LVL0:
 201:Core/Src/main.c **** 
 202:Core/Src/main.c ****   /*Configure GPIO pin : B1_Pin */
 203:Core/Src/main.c ****   GPIO_InitStruct.Pin = B1_Pin;
 118              		.loc 1 203 3 view .LVU28
 119              		.loc 1 203 23 is_stmt 0 view .LVU29
 120 0068 4FF40056 		mov	r6, #8192
 121 006c 0596     		str	r6, [sp, #20]
 204:Core/Src/main.c ****   GPIO_InitStruct.Mode = GPIO_MODE_IT_FALLING;
 122              		.loc 1 204 3 is_stmt 1 view .LVU30
 123              		.loc 1 204 24 is_stmt 0 view .LVU31
 124 006e 4FF40413 		mov	r3, #2162688
 125 0072 0693     		str	r3, [sp, #24]
 205:Core/Src/main.c ****   GPIO_InitStruct.Pull = GPIO_NOPULL;
 126              		.loc 1 205 3 is_stmt 1 view .LVU32
 127              		.loc 1 205 24 is_stmt 0 view .LVU33
 128 0074 0794     		str	r4, [sp, #28]
 206:Core/Src/main.c ****   HAL_GPIO_Init(B1_GPIO_Port, &GPIO_InitStruct);
 129              		.loc 1 206 3 is_stmt 1 view .LVU34
 130 0076 05A9     		add	r1, sp, #20
 131 0078 0848     		ldr	r0, .L3+8
 132 007a FFF7FEFF 		bl	HAL_GPIO_Init
 133              	.LVL1:
 207:Core/Src/main.c **** 
 208:Core/Src/main.c ****   /*Configure GPIO pin : LD2_Pin */
 209:Core/Src/main.c ****   GPIO_InitStruct.Pin = LD2_Pin;
 134              		.loc 1 209 3 view .LVU35
ARM GAS  C:\Users\mqsau\AppData\Local\Temp\cck6Qd2y.s 			page 7


 135              		.loc 1 209 23 is_stmt 0 view .LVU36
 136 007e 0596     		str	r6, [sp, #20]
 210:Core/Src/main.c ****   GPIO_InitStruct.Mode = GPIO_MODE_OUTPUT_PP;
 137              		.loc 1 210 3 is_stmt 1 view .LVU37
 138              		.loc 1 210 24 is_stmt 0 view .LVU38
 139 0080 0123     		movs	r3, #1
 140 0082 0693     		str	r3, [sp, #24]
 211:Core/Src/main.c ****   GPIO_InitStruct.Pull = GPIO_NOPULL;
 141              		.loc 1 211 3 is_stmt 1 view .LVU39
 142              		.loc 1 211 24 is_stmt 0 view .LVU40
 143 0084 0794     		str	r4, [sp, #28]
 212:Core/Src/main.c ****   GPIO_InitStruct.Speed = GPIO_SPEED_FREQ_LOW;
 144              		.loc 1 212 3 is_stmt 1 view .LVU41
 145              		.loc 1 212 25 is_stmt 0 view .LVU42
 146 0086 0894     		str	r4, [sp, #32]
 213:Core/Src/main.c ****   HAL_GPIO_Init(LD2_GPIO_Port, &GPIO_InitStruct);
 147              		.loc 1 213 3 is_stmt 1 view .LVU43
 148 0088 05A9     		add	r1, sp, #20
 149 008a 2846     		mov	r0, r5
 150 008c FFF7FEFF 		bl	HAL_GPIO_Init
 151              	.LVL2:
 214:Core/Src/main.c **** 
 215:Core/Src/main.c **** /* USER CODE BEGIN MX_GPIO_Init_2 */
 216:Core/Src/main.c **** /* USER CODE END MX_GPIO_Init_2 */
 217:Core/Src/main.c **** }
 152              		.loc 1 217 1 is_stmt 0 view .LVU44
 153 0090 0AB0     		add	sp, sp, #40
 154              	.LCFI2:
 155              		.cfi_def_cfa_offset 16
 156              		@ sp needed
 157 0092 70BD     		pop	{r4, r5, r6, pc}
 158              	.L4:
 159              		.align	2
 160              	.L3:
 161 0094 00100240 		.word	1073876992
 162 0098 00040048 		.word	1207960576
 163 009c 00080048 		.word	1207961600
 164              		.cfi_endproc
 165              	.LFE126:
 167              		.section	.text.Error_Handler,"ax",%progbits
 168              		.align	1
 169              		.global	Error_Handler
 170              		.syntax unified
 171              		.thumb
 172              		.thumb_func
 174              	Error_Handler:
 175              	.LFB127:
 218:Core/Src/main.c **** 
 219:Core/Src/main.c **** /* USER CODE BEGIN 4 */
 220:Core/Src/main.c **** 
 221:Core/Src/main.c **** /* USER CODE END 4 */
 222:Core/Src/main.c **** 
 223:Core/Src/main.c **** /**
 224:Core/Src/main.c ****   * @brief  This function is executed in case of error occurrence.
 225:Core/Src/main.c ****   * @retval None
 226:Core/Src/main.c ****   */
 227:Core/Src/main.c **** void Error_Handler(void)
ARM GAS  C:\Users\mqsau\AppData\Local\Temp\cck6Qd2y.s 			page 8


 228:Core/Src/main.c **** {
 176              		.loc 1 228 1 is_stmt 1 view -0
 177              		.cfi_startproc
 178              		@ Volatile: function does not return.
 179              		@ args = 0, pretend = 0, frame = 0
 180              		@ frame_needed = 0, uses_anonymous_args = 0
 181              		@ link register save eliminated.
 229:Core/Src/main.c ****   /* USER CODE BEGIN Error_Handler_Debug */
 230:Core/Src/main.c ****   /* User can add his own implementation to report the HAL error return state */
 231:Core/Src/main.c ****   __disable_irq();
 182              		.loc 1 231 3 view .LVU46
 183              	.LBB8:
 184              	.LBI8:
 185              		.file 2 "Drivers/CMSIS/Include/cmsis_gcc.h"
   1:Drivers/CMSIS/Include/cmsis_gcc.h **** /**************************************************************************//**
   2:Drivers/CMSIS/Include/cmsis_gcc.h ****  * @file     cmsis_gcc.h
   3:Drivers/CMSIS/Include/cmsis_gcc.h ****  * @brief    CMSIS compiler GCC header file
   4:Drivers/CMSIS/Include/cmsis_gcc.h ****  * @version  V5.0.4
   5:Drivers/CMSIS/Include/cmsis_gcc.h ****  * @date     09. April 2018
   6:Drivers/CMSIS/Include/cmsis_gcc.h ****  ******************************************************************************/
   7:Drivers/CMSIS/Include/cmsis_gcc.h **** /*
   8:Drivers/CMSIS/Include/cmsis_gcc.h ****  * Copyright (c) 2009-2018 Arm Limited. All rights reserved.
   9:Drivers/CMSIS/Include/cmsis_gcc.h ****  *
  10:Drivers/CMSIS/Include/cmsis_gcc.h ****  * SPDX-License-Identifier: Apache-2.0
  11:Drivers/CMSIS/Include/cmsis_gcc.h ****  *
  12:Drivers/CMSIS/Include/cmsis_gcc.h ****  * Licensed under the Apache License, Version 2.0 (the License); you may
  13:Drivers/CMSIS/Include/cmsis_gcc.h ****  * not use this file except in compliance with the License.
  14:Drivers/CMSIS/Include/cmsis_gcc.h ****  * You may obtain a copy of the License at
  15:Drivers/CMSIS/Include/cmsis_gcc.h ****  *
  16:Drivers/CMSIS/Include/cmsis_gcc.h ****  * www.apache.org/licenses/LICENSE-2.0
  17:Drivers/CMSIS/Include/cmsis_gcc.h ****  *
  18:Drivers/CMSIS/Include/cmsis_gcc.h ****  * Unless required by applicable law or agreed to in writing, software
  19:Drivers/CMSIS/Include/cmsis_gcc.h ****  * distributed under the License is distributed on an AS IS BASIS, WITHOUT
  20:Drivers/CMSIS/Include/cmsis_gcc.h ****  * WARRANTIES OR CONDITIONS OF ANY KIND, either express or implied.
  21:Drivers/CMSIS/Include/cmsis_gcc.h ****  * See the License for the specific language governing permissions and
  22:Drivers/CMSIS/Include/cmsis_gcc.h ****  * limitations under the License.
  23:Drivers/CMSIS/Include/cmsis_gcc.h ****  */
  24:Drivers/CMSIS/Include/cmsis_gcc.h **** 
  25:Drivers/CMSIS/Include/cmsis_gcc.h **** #ifndef __CMSIS_GCC_H
  26:Drivers/CMSIS/Include/cmsis_gcc.h **** #define __CMSIS_GCC_H
  27:Drivers/CMSIS/Include/cmsis_gcc.h **** 
  28:Drivers/CMSIS/Include/cmsis_gcc.h **** /* ignore some GCC warnings */
  29:Drivers/CMSIS/Include/cmsis_gcc.h **** #pragma GCC diagnostic push
  30:Drivers/CMSIS/Include/cmsis_gcc.h **** #pragma GCC diagnostic ignored "-Wsign-conversion"
  31:Drivers/CMSIS/Include/cmsis_gcc.h **** #pragma GCC diagnostic ignored "-Wconversion"
  32:Drivers/CMSIS/Include/cmsis_gcc.h **** #pragma GCC diagnostic ignored "-Wunused-parameter"
  33:Drivers/CMSIS/Include/cmsis_gcc.h **** 
  34:Drivers/CMSIS/Include/cmsis_gcc.h **** /* Fallback for __has_builtin */
  35:Drivers/CMSIS/Include/cmsis_gcc.h **** #ifndef __has_builtin
  36:Drivers/CMSIS/Include/cmsis_gcc.h ****   #define __has_builtin(x) (0)
  37:Drivers/CMSIS/Include/cmsis_gcc.h **** #endif
  38:Drivers/CMSIS/Include/cmsis_gcc.h **** 
  39:Drivers/CMSIS/Include/cmsis_gcc.h **** /* CMSIS compiler specific defines */
  40:Drivers/CMSIS/Include/cmsis_gcc.h **** #ifndef   __ASM
  41:Drivers/CMSIS/Include/cmsis_gcc.h ****   #define __ASM                                  __asm
  42:Drivers/CMSIS/Include/cmsis_gcc.h **** #endif
  43:Drivers/CMSIS/Include/cmsis_gcc.h **** #ifndef   __INLINE
ARM GAS  C:\Users\mqsau\AppData\Local\Temp\cck6Qd2y.s 			page 9


  44:Drivers/CMSIS/Include/cmsis_gcc.h ****   #define __INLINE                               inline
  45:Drivers/CMSIS/Include/cmsis_gcc.h **** #endif
  46:Drivers/CMSIS/Include/cmsis_gcc.h **** #ifndef   __STATIC_INLINE
  47:Drivers/CMSIS/Include/cmsis_gcc.h ****   #define __STATIC_INLINE                        static inline
  48:Drivers/CMSIS/Include/cmsis_gcc.h **** #endif
  49:Drivers/CMSIS/Include/cmsis_gcc.h **** #ifndef   __STATIC_FORCEINLINE                 
  50:Drivers/CMSIS/Include/cmsis_gcc.h ****   #define __STATIC_FORCEINLINE                   __attribute__((always_inline)) static inline
  51:Drivers/CMSIS/Include/cmsis_gcc.h **** #endif                                           
  52:Drivers/CMSIS/Include/cmsis_gcc.h **** #ifndef   __NO_RETURN
  53:Drivers/CMSIS/Include/cmsis_gcc.h ****   #define __NO_RETURN                            __attribute__((__noreturn__))
  54:Drivers/CMSIS/Include/cmsis_gcc.h **** #endif
  55:Drivers/CMSIS/Include/cmsis_gcc.h **** #ifndef   __USED
  56:Drivers/CMSIS/Include/cmsis_gcc.h ****   #define __USED                                 __attribute__((used))
  57:Drivers/CMSIS/Include/cmsis_gcc.h **** #endif
  58:Drivers/CMSIS/Include/cmsis_gcc.h **** #ifndef   __WEAK
  59:Drivers/CMSIS/Include/cmsis_gcc.h ****   #define __WEAK                                 __attribute__((weak))
  60:Drivers/CMSIS/Include/cmsis_gcc.h **** #endif
  61:Drivers/CMSIS/Include/cmsis_gcc.h **** #ifndef   __PACKED
  62:Drivers/CMSIS/Include/cmsis_gcc.h ****   #define __PACKED                               __attribute__((packed, aligned(1)))
  63:Drivers/CMSIS/Include/cmsis_gcc.h **** #endif
  64:Drivers/CMSIS/Include/cmsis_gcc.h **** #ifndef   __PACKED_STRUCT
  65:Drivers/CMSIS/Include/cmsis_gcc.h ****   #define __PACKED_STRUCT                        struct __attribute__((packed, aligned(1)))
  66:Drivers/CMSIS/Include/cmsis_gcc.h **** #endif
  67:Drivers/CMSIS/Include/cmsis_gcc.h **** #ifndef   __PACKED_UNION
  68:Drivers/CMSIS/Include/cmsis_gcc.h ****   #define __PACKED_UNION                         union __attribute__((packed, aligned(1)))
  69:Drivers/CMSIS/Include/cmsis_gcc.h **** #endif
  70:Drivers/CMSIS/Include/cmsis_gcc.h **** #ifndef   __UNALIGNED_UINT32        /* deprecated */
  71:Drivers/CMSIS/Include/cmsis_gcc.h ****   #pragma GCC diagnostic push
  72:Drivers/CMSIS/Include/cmsis_gcc.h ****   #pragma GCC diagnostic ignored "-Wpacked"
  73:Drivers/CMSIS/Include/cmsis_gcc.h ****   #pragma GCC diagnostic ignored "-Wattributes"
  74:Drivers/CMSIS/Include/cmsis_gcc.h ****   struct __attribute__((packed)) T_UINT32 { uint32_t v; };
  75:Drivers/CMSIS/Include/cmsis_gcc.h ****   #pragma GCC diagnostic pop
  76:Drivers/CMSIS/Include/cmsis_gcc.h ****   #define __UNALIGNED_UINT32(x)                  (((struct T_UINT32 *)(x))->v)
  77:Drivers/CMSIS/Include/cmsis_gcc.h **** #endif
  78:Drivers/CMSIS/Include/cmsis_gcc.h **** #ifndef   __UNALIGNED_UINT16_WRITE
  79:Drivers/CMSIS/Include/cmsis_gcc.h ****   #pragma GCC diagnostic push
  80:Drivers/CMSIS/Include/cmsis_gcc.h ****   #pragma GCC diagnostic ignored "-Wpacked"
  81:Drivers/CMSIS/Include/cmsis_gcc.h ****   #pragma GCC diagnostic ignored "-Wattributes"
  82:Drivers/CMSIS/Include/cmsis_gcc.h ****   __PACKED_STRUCT T_UINT16_WRITE { uint16_t v; };
  83:Drivers/CMSIS/Include/cmsis_gcc.h ****   #pragma GCC diagnostic pop
  84:Drivers/CMSIS/Include/cmsis_gcc.h ****   #define __UNALIGNED_UINT16_WRITE(addr, val)    (void)((((struct T_UINT16_WRITE *)(void *)(addr))-
  85:Drivers/CMSIS/Include/cmsis_gcc.h **** #endif
  86:Drivers/CMSIS/Include/cmsis_gcc.h **** #ifndef   __UNALIGNED_UINT16_READ
  87:Drivers/CMSIS/Include/cmsis_gcc.h ****   #pragma GCC diagnostic push
  88:Drivers/CMSIS/Include/cmsis_gcc.h ****   #pragma GCC diagnostic ignored "-Wpacked"
  89:Drivers/CMSIS/Include/cmsis_gcc.h ****   #pragma GCC diagnostic ignored "-Wattributes"
  90:Drivers/CMSIS/Include/cmsis_gcc.h ****   __PACKED_STRUCT T_UINT16_READ { uint16_t v; };
  91:Drivers/CMSIS/Include/cmsis_gcc.h ****   #pragma GCC diagnostic pop
  92:Drivers/CMSIS/Include/cmsis_gcc.h ****   #define __UNALIGNED_UINT16_READ(addr)          (((const struct T_UINT16_READ *)(const void *)(add
  93:Drivers/CMSIS/Include/cmsis_gcc.h **** #endif
  94:Drivers/CMSIS/Include/cmsis_gcc.h **** #ifndef   __UNALIGNED_UINT32_WRITE
  95:Drivers/CMSIS/Include/cmsis_gcc.h ****   #pragma GCC diagnostic push
  96:Drivers/CMSIS/Include/cmsis_gcc.h ****   #pragma GCC diagnostic ignored "-Wpacked"
  97:Drivers/CMSIS/Include/cmsis_gcc.h ****   #pragma GCC diagnostic ignored "-Wattributes"
  98:Drivers/CMSIS/Include/cmsis_gcc.h ****   __PACKED_STRUCT T_UINT32_WRITE { uint32_t v; };
  99:Drivers/CMSIS/Include/cmsis_gcc.h ****   #pragma GCC diagnostic pop
 100:Drivers/CMSIS/Include/cmsis_gcc.h ****   #define __UNALIGNED_UINT32_WRITE(addr, val)    (void)((((struct T_UINT32_WRITE *)(void *)(addr))-
ARM GAS  C:\Users\mqsau\AppData\Local\Temp\cck6Qd2y.s 			page 10


 101:Drivers/CMSIS/Include/cmsis_gcc.h **** #endif
 102:Drivers/CMSIS/Include/cmsis_gcc.h **** #ifndef   __UNALIGNED_UINT32_READ
 103:Drivers/CMSIS/Include/cmsis_gcc.h ****   #pragma GCC diagnostic push
 104:Drivers/CMSIS/Include/cmsis_gcc.h ****   #pragma GCC diagnostic ignored "-Wpacked"
 105:Drivers/CMSIS/Include/cmsis_gcc.h ****   #pragma GCC diagnostic ignored "-Wattributes"
 106:Drivers/CMSIS/Include/cmsis_gcc.h ****   __PACKED_STRUCT T_UINT32_READ { uint32_t v; };
 107:Drivers/CMSIS/Include/cmsis_gcc.h ****   #pragma GCC diagnostic pop
 108:Drivers/CMSIS/Include/cmsis_gcc.h ****   #define __UNALIGNED_UINT32_READ(addr)          (((const struct T_UINT32_READ *)(const void *)(add
 109:Drivers/CMSIS/Include/cmsis_gcc.h **** #endif
 110:Drivers/CMSIS/Include/cmsis_gcc.h **** #ifndef   __ALIGNED
 111:Drivers/CMSIS/Include/cmsis_gcc.h ****   #define __ALIGNED(x)                           __attribute__((aligned(x)))
 112:Drivers/CMSIS/Include/cmsis_gcc.h **** #endif
 113:Drivers/CMSIS/Include/cmsis_gcc.h **** #ifndef   __RESTRICT
 114:Drivers/CMSIS/Include/cmsis_gcc.h ****   #define __RESTRICT                             __restrict
 115:Drivers/CMSIS/Include/cmsis_gcc.h **** #endif
 116:Drivers/CMSIS/Include/cmsis_gcc.h **** 
 117:Drivers/CMSIS/Include/cmsis_gcc.h **** 
 118:Drivers/CMSIS/Include/cmsis_gcc.h **** /* ###########################  Core Function Access  ########################### */
 119:Drivers/CMSIS/Include/cmsis_gcc.h **** /** \ingroup  CMSIS_Core_FunctionInterface
 120:Drivers/CMSIS/Include/cmsis_gcc.h ****     \defgroup CMSIS_Core_RegAccFunctions CMSIS Core Register Access Functions
 121:Drivers/CMSIS/Include/cmsis_gcc.h ****   @{
 122:Drivers/CMSIS/Include/cmsis_gcc.h ****  */
 123:Drivers/CMSIS/Include/cmsis_gcc.h **** 
 124:Drivers/CMSIS/Include/cmsis_gcc.h **** /**
 125:Drivers/CMSIS/Include/cmsis_gcc.h ****   \brief   Enable IRQ Interrupts
 126:Drivers/CMSIS/Include/cmsis_gcc.h ****   \details Enables IRQ interrupts by clearing the I-bit in the CPSR.
 127:Drivers/CMSIS/Include/cmsis_gcc.h ****            Can only be executed in Privileged modes.
 128:Drivers/CMSIS/Include/cmsis_gcc.h ****  */
 129:Drivers/CMSIS/Include/cmsis_gcc.h **** __STATIC_FORCEINLINE void __enable_irq(void)
 130:Drivers/CMSIS/Include/cmsis_gcc.h **** {
 131:Drivers/CMSIS/Include/cmsis_gcc.h ****   __ASM volatile ("cpsie i" : : : "memory");
 132:Drivers/CMSIS/Include/cmsis_gcc.h **** }
 133:Drivers/CMSIS/Include/cmsis_gcc.h **** 
 134:Drivers/CMSIS/Include/cmsis_gcc.h **** 
 135:Drivers/CMSIS/Include/cmsis_gcc.h **** /**
 136:Drivers/CMSIS/Include/cmsis_gcc.h ****   \brief   Disable IRQ Interrupts
 137:Drivers/CMSIS/Include/cmsis_gcc.h ****   \details Disables IRQ interrupts by setting the I-bit in the CPSR.
 138:Drivers/CMSIS/Include/cmsis_gcc.h ****            Can only be executed in Privileged modes.
 139:Drivers/CMSIS/Include/cmsis_gcc.h ****  */
 140:Drivers/CMSIS/Include/cmsis_gcc.h **** __STATIC_FORCEINLINE void __disable_irq(void)
 186              		.loc 2 140 27 view .LVU47
 187              	.LBB9:
 141:Drivers/CMSIS/Include/cmsis_gcc.h **** {
 142:Drivers/CMSIS/Include/cmsis_gcc.h ****   __ASM volatile ("cpsid i" : : : "memory");
 188              		.loc 2 142 3 view .LVU48
 189              		.syntax unified
 190              	@ 142 "Drivers/CMSIS/Include/cmsis_gcc.h" 1
 191 0000 72B6     		cpsid i
 192              	@ 0 "" 2
 193              		.thumb
 194              		.syntax unified
 195              	.L6:
 196              	.LBE9:
 197              	.LBE8:
 232:Core/Src/main.c ****   while (1)
 198              		.loc 1 232 3 discriminator 1 view .LVU49
 233:Core/Src/main.c ****   {
ARM GAS  C:\Users\mqsau\AppData\Local\Temp\cck6Qd2y.s 			page 11


 234:Core/Src/main.c ****   }
 199              		.loc 1 234 3 discriminator 1 view .LVU50
 232:Core/Src/main.c ****   while (1)
 200              		.loc 1 232 9 discriminator 1 view .LVU51
 201 0002 FEE7     		b	.L6
 202              		.cfi_endproc
 203              	.LFE127:
 205              		.section	.text.MX_USART2_UART_Init,"ax",%progbits
 206              		.align	1
 207              		.syntax unified
 208              		.thumb
 209              		.thumb_func
 211              	MX_USART2_UART_Init:
 212              	.LFB125:
 153:Core/Src/main.c **** 
 213              		.loc 1 153 1 view -0
 214              		.cfi_startproc
 215              		@ args = 0, pretend = 0, frame = 0
 216              		@ frame_needed = 0, uses_anonymous_args = 0
 217 0000 08B5     		push	{r3, lr}
 218              	.LCFI3:
 219              		.cfi_def_cfa_offset 8
 220              		.cfi_offset 3, -8
 221              		.cfi_offset 14, -4
 162:Core/Src/main.c ****   huart2.Init.BaudRate = 38400;
 222              		.loc 1 162 3 view .LVU53
 162:Core/Src/main.c ****   huart2.Init.BaudRate = 38400;
 223              		.loc 1 162 19 is_stmt 0 view .LVU54
 224 0002 0B48     		ldr	r0, .L11
 225 0004 0B4B     		ldr	r3, .L11+4
 226 0006 0360     		str	r3, [r0]
 163:Core/Src/main.c ****   huart2.Init.WordLength = UART_WORDLENGTH_8B;
 227              		.loc 1 163 3 is_stmt 1 view .LVU55
 163:Core/Src/main.c ****   huart2.Init.WordLength = UART_WORDLENGTH_8B;
 228              		.loc 1 163 24 is_stmt 0 view .LVU56
 229 0008 4FF41643 		mov	r3, #38400
 230 000c 4360     		str	r3, [r0, #4]
 164:Core/Src/main.c ****   huart2.Init.StopBits = UART_STOPBITS_1;
 231              		.loc 1 164 3 is_stmt 1 view .LVU57
 164:Core/Src/main.c ****   huart2.Init.StopBits = UART_STOPBITS_1;
 232              		.loc 1 164 26 is_stmt 0 view .LVU58
 233 000e 0023     		movs	r3, #0
 234 0010 8360     		str	r3, [r0, #8]
 165:Core/Src/main.c ****   huart2.Init.Parity = UART_PARITY_NONE;
 235              		.loc 1 165 3 is_stmt 1 view .LVU59
 165:Core/Src/main.c ****   huart2.Init.Parity = UART_PARITY_NONE;
 236              		.loc 1 165 24 is_stmt 0 view .LVU60
 237 0012 C360     		str	r3, [r0, #12]
 166:Core/Src/main.c ****   huart2.Init.Mode = UART_MODE_TX_RX;
 238              		.loc 1 166 3 is_stmt 1 view .LVU61
 166:Core/Src/main.c ****   huart2.Init.Mode = UART_MODE_TX_RX;
 239              		.loc 1 166 22 is_stmt 0 view .LVU62
 240 0014 0361     		str	r3, [r0, #16]
 167:Core/Src/main.c ****   huart2.Init.HwFlowCtl = UART_HWCONTROL_NONE;
 241              		.loc 1 167 3 is_stmt 1 view .LVU63
 167:Core/Src/main.c ****   huart2.Init.HwFlowCtl = UART_HWCONTROL_NONE;
 242              		.loc 1 167 20 is_stmt 0 view .LVU64
ARM GAS  C:\Users\mqsau\AppData\Local\Temp\cck6Qd2y.s 			page 12


 243 0016 0C22     		movs	r2, #12
 244 0018 4261     		str	r2, [r0, #20]
 168:Core/Src/main.c ****   huart2.Init.OverSampling = UART_OVERSAMPLING_16;
 245              		.loc 1 168 3 is_stmt 1 view .LVU65
 168:Core/Src/main.c ****   huart2.Init.OverSampling = UART_OVERSAMPLING_16;
 246              		.loc 1 168 25 is_stmt 0 view .LVU66
 247 001a 8361     		str	r3, [r0, #24]
 169:Core/Src/main.c ****   huart2.Init.OneBitSampling = UART_ONE_BIT_SAMPLE_DISABLE;
 248              		.loc 1 169 3 is_stmt 1 view .LVU67
 169:Core/Src/main.c ****   huart2.Init.OneBitSampling = UART_ONE_BIT_SAMPLE_DISABLE;
 249              		.loc 1 169 28 is_stmt 0 view .LVU68
 250 001c C361     		str	r3, [r0, #28]
 170:Core/Src/main.c ****   huart2.AdvancedInit.AdvFeatureInit = UART_ADVFEATURE_NO_INIT;
 251              		.loc 1 170 3 is_stmt 1 view .LVU69
 170:Core/Src/main.c ****   huart2.AdvancedInit.AdvFeatureInit = UART_ADVFEATURE_NO_INIT;
 252              		.loc 1 170 30 is_stmt 0 view .LVU70
 253 001e 0362     		str	r3, [r0, #32]
 171:Core/Src/main.c ****   if (HAL_UART_Init(&huart2) != HAL_OK)
 254              		.loc 1 171 3 is_stmt 1 view .LVU71
 171:Core/Src/main.c ****   if (HAL_UART_Init(&huart2) != HAL_OK)
 255              		.loc 1 171 38 is_stmt 0 view .LVU72
 256 0020 4362     		str	r3, [r0, #36]
 172:Core/Src/main.c ****   {
 257              		.loc 1 172 3 is_stmt 1 view .LVU73
 172:Core/Src/main.c ****   {
 258              		.loc 1 172 7 is_stmt 0 view .LVU74
 259 0022 FFF7FEFF 		bl	HAL_UART_Init
 260              	.LVL3:
 172:Core/Src/main.c ****   {
 261              		.loc 1 172 6 view .LVU75
 262 0026 00B9     		cbnz	r0, .L10
 180:Core/Src/main.c **** 
 263              		.loc 1 180 1 view .LVU76
 264 0028 08BD     		pop	{r3, pc}
 265              	.L10:
 174:Core/Src/main.c ****   }
 266              		.loc 1 174 5 is_stmt 1 view .LVU77
 267 002a FFF7FEFF 		bl	Error_Handler
 268              	.LVL4:
 269              	.L12:
 270 002e 00BF     		.align	2
 271              	.L11:
 272 0030 00000000 		.word	.LANCHOR0
 273 0034 00440040 		.word	1073759232
 274              		.cfi_endproc
 275              	.LFE125:
 277              		.section	.text.SystemClock_Config,"ax",%progbits
 278              		.align	1
 279              		.global	SystemClock_Config
 280              		.syntax unified
 281              		.thumb
 282              		.thumb_func
 284              	SystemClock_Config:
 285              	.LFB124:
 114:Core/Src/main.c ****   RCC_OscInitTypeDef RCC_OscInitStruct = {0};
 286              		.loc 1 114 1 view -0
 287              		.cfi_startproc
ARM GAS  C:\Users\mqsau\AppData\Local\Temp\cck6Qd2y.s 			page 13


 288              		@ args = 0, pretend = 0, frame = 64
 289              		@ frame_needed = 0, uses_anonymous_args = 0
 290 0000 00B5     		push	{lr}
 291              	.LCFI4:
 292              		.cfi_def_cfa_offset 4
 293              		.cfi_offset 14, -4
 294 0002 91B0     		sub	sp, sp, #68
 295              	.LCFI5:
 296              		.cfi_def_cfa_offset 72
 115:Core/Src/main.c ****   RCC_ClkInitTypeDef RCC_ClkInitStruct = {0};
 297              		.loc 1 115 3 view .LVU79
 115:Core/Src/main.c ****   RCC_ClkInitTypeDef RCC_ClkInitStruct = {0};
 298              		.loc 1 115 22 is_stmt 0 view .LVU80
 299 0004 2822     		movs	r2, #40
 300 0006 0021     		movs	r1, #0
 301 0008 06A8     		add	r0, sp, #24
 302 000a FFF7FEFF 		bl	memset
 303              	.LVL5:
 116:Core/Src/main.c **** 
 304              		.loc 1 116 3 is_stmt 1 view .LVU81
 116:Core/Src/main.c **** 
 305              		.loc 1 116 22 is_stmt 0 view .LVU82
 306 000e 0023     		movs	r3, #0
 307 0010 0193     		str	r3, [sp, #4]
 308 0012 0293     		str	r3, [sp, #8]
 309 0014 0393     		str	r3, [sp, #12]
 310 0016 0493     		str	r3, [sp, #16]
 311 0018 0593     		str	r3, [sp, #20]
 121:Core/Src/main.c ****   RCC_OscInitStruct.HSIState = RCC_HSI_ON;
 312              		.loc 1 121 3 is_stmt 1 view .LVU83
 121:Core/Src/main.c ****   RCC_OscInitStruct.HSIState = RCC_HSI_ON;
 313              		.loc 1 121 36 is_stmt 0 view .LVU84
 314 001a 0223     		movs	r3, #2
 315 001c 0693     		str	r3, [sp, #24]
 122:Core/Src/main.c ****   RCC_OscInitStruct.HSICalibrationValue = RCC_HSICALIBRATION_DEFAULT;
 316              		.loc 1 122 3 is_stmt 1 view .LVU85
 122:Core/Src/main.c ****   RCC_OscInitStruct.HSICalibrationValue = RCC_HSICALIBRATION_DEFAULT;
 317              		.loc 1 122 30 is_stmt 0 view .LVU86
 318 001e 0122     		movs	r2, #1
 319 0020 0A92     		str	r2, [sp, #40]
 123:Core/Src/main.c ****   RCC_OscInitStruct.PLL.PLLState = RCC_PLL_ON;
 320              		.loc 1 123 3 is_stmt 1 view .LVU87
 123:Core/Src/main.c ****   RCC_OscInitStruct.PLL.PLLState = RCC_PLL_ON;
 321              		.loc 1 123 41 is_stmt 0 view .LVU88
 322 0022 1022     		movs	r2, #16
 323 0024 0B92     		str	r2, [sp, #44]
 124:Core/Src/main.c ****   RCC_OscInitStruct.PLL.PLLSource = RCC_PLLSOURCE_HSI;
 324              		.loc 1 124 3 is_stmt 1 view .LVU89
 124:Core/Src/main.c ****   RCC_OscInitStruct.PLL.PLLSource = RCC_PLLSOURCE_HSI;
 325              		.loc 1 124 34 is_stmt 0 view .LVU90
 326 0026 0D93     		str	r3, [sp, #52]
 125:Core/Src/main.c ****   RCC_OscInitStruct.PLL.PLLMUL = RCC_PLL_MUL16;
 327              		.loc 1 125 3 is_stmt 1 view .LVU91
 126:Core/Src/main.c ****   if (HAL_RCC_OscConfig(&RCC_OscInitStruct) != HAL_OK)
 328              		.loc 1 126 3 view .LVU92
 126:Core/Src/main.c ****   if (HAL_RCC_OscConfig(&RCC_OscInitStruct) != HAL_OK)
 329              		.loc 1 126 32 is_stmt 0 view .LVU93
ARM GAS  C:\Users\mqsau\AppData\Local\Temp\cck6Qd2y.s 			page 14


 330 0028 4FF46013 		mov	r3, #3670016
 331 002c 0F93     		str	r3, [sp, #60]
 127:Core/Src/main.c ****   {
 332              		.loc 1 127 3 is_stmt 1 view .LVU94
 127:Core/Src/main.c ****   {
 333              		.loc 1 127 7 is_stmt 0 view .LVU95
 334 002e 06A8     		add	r0, sp, #24
 335 0030 FFF7FEFF 		bl	HAL_RCC_OscConfig
 336              	.LVL6:
 127:Core/Src/main.c ****   {
 337              		.loc 1 127 6 view .LVU96
 338 0034 80B9     		cbnz	r0, .L17
 134:Core/Src/main.c ****                               |RCC_CLOCKTYPE_PCLK1|RCC_CLOCKTYPE_PCLK2;
 339              		.loc 1 134 3 is_stmt 1 view .LVU97
 134:Core/Src/main.c ****                               |RCC_CLOCKTYPE_PCLK1|RCC_CLOCKTYPE_PCLK2;
 340              		.loc 1 134 31 is_stmt 0 view .LVU98
 341 0036 0F23     		movs	r3, #15
 342 0038 0193     		str	r3, [sp, #4]
 136:Core/Src/main.c ****   RCC_ClkInitStruct.AHBCLKDivider = RCC_SYSCLK_DIV1;
 343              		.loc 1 136 3 is_stmt 1 view .LVU99
 136:Core/Src/main.c ****   RCC_ClkInitStruct.AHBCLKDivider = RCC_SYSCLK_DIV1;
 344              		.loc 1 136 34 is_stmt 0 view .LVU100
 345 003a 0221     		movs	r1, #2
 346 003c 0291     		str	r1, [sp, #8]
 137:Core/Src/main.c ****   RCC_ClkInitStruct.APB1CLKDivider = RCC_HCLK_DIV2;
 347              		.loc 1 137 3 is_stmt 1 view .LVU101
 137:Core/Src/main.c ****   RCC_ClkInitStruct.APB1CLKDivider = RCC_HCLK_DIV2;
 348              		.loc 1 137 35 is_stmt 0 view .LVU102
 349 003e 0023     		movs	r3, #0
 350 0040 0393     		str	r3, [sp, #12]
 138:Core/Src/main.c ****   RCC_ClkInitStruct.APB2CLKDivider = RCC_HCLK_DIV1;
 351              		.loc 1 138 3 is_stmt 1 view .LVU103
 138:Core/Src/main.c ****   RCC_ClkInitStruct.APB2CLKDivider = RCC_HCLK_DIV1;
 352              		.loc 1 138 36 is_stmt 0 view .LVU104
 353 0042 4FF48062 		mov	r2, #1024
 354 0046 0492     		str	r2, [sp, #16]
 139:Core/Src/main.c **** 
 355              		.loc 1 139 3 is_stmt 1 view .LVU105
 139:Core/Src/main.c **** 
 356              		.loc 1 139 36 is_stmt 0 view .LVU106
 357 0048 0593     		str	r3, [sp, #20]
 141:Core/Src/main.c ****   {
 358              		.loc 1 141 3 is_stmt 1 view .LVU107
 141:Core/Src/main.c ****   {
 359              		.loc 1 141 7 is_stmt 0 view .LVU108
 360 004a 01A8     		add	r0, sp, #4
 361 004c FFF7FEFF 		bl	HAL_RCC_ClockConfig
 362              	.LVL7:
 141:Core/Src/main.c ****   {
 363              		.loc 1 141 6 view .LVU109
 364 0050 20B9     		cbnz	r0, .L18
 145:Core/Src/main.c **** 
 365              		.loc 1 145 1 view .LVU110
 366 0052 11B0     		add	sp, sp, #68
 367              	.LCFI6:
 368              		.cfi_remember_state
 369              		.cfi_def_cfa_offset 4
ARM GAS  C:\Users\mqsau\AppData\Local\Temp\cck6Qd2y.s 			page 15


 370              		@ sp needed
 371 0054 5DF804FB 		ldr	pc, [sp], #4
 372              	.L17:
 373              	.LCFI7:
 374              		.cfi_restore_state
 129:Core/Src/main.c ****   }
 375              		.loc 1 129 5 is_stmt 1 view .LVU111
 376 0058 FFF7FEFF 		bl	Error_Handler
 377              	.LVL8:
 378              	.L18:
 143:Core/Src/main.c ****   }
 379              		.loc 1 143 5 view .LVU112
 380 005c FFF7FEFF 		bl	Error_Handler
 381              	.LVL9:
 382              		.cfi_endproc
 383              	.LFE124:
 385              		.section	.text.main,"ax",%progbits
 386              		.align	1
 387              		.global	main
 388              		.syntax unified
 389              		.thumb
 390              		.thumb_func
 392              	main:
 393              	.LFB123:
  67:Core/Src/main.c **** 
 394              		.loc 1 67 1 view -0
 395              		.cfi_startproc
 396              		@ Volatile: function does not return.
 397              		@ args = 0, pretend = 0, frame = 0
 398              		@ frame_needed = 0, uses_anonymous_args = 0
 399 0000 08B5     		push	{r3, lr}
 400              	.LCFI8:
 401              		.cfi_def_cfa_offset 8
 402              		.cfi_offset 3, -8
 403              		.cfi_offset 14, -4
  76:Core/Src/main.c **** 
 404              		.loc 1 76 3 view .LVU114
 405 0002 FFF7FEFF 		bl	HAL_Init
 406              	.LVL10:
  83:Core/Src/main.c **** 
 407              		.loc 1 83 3 view .LVU115
 408 0006 FFF7FEFF 		bl	SystemClock_Config
 409              	.LVL11:
  90:Core/Src/main.c ****   MX_USART2_UART_Init();
 410              		.loc 1 90 3 view .LVU116
 411 000a FFF7FEFF 		bl	MX_GPIO_Init
 412              	.LVL12:
  91:Core/Src/main.c ****   /* USER CODE BEGIN 2 */
 413              		.loc 1 91 3 view .LVU117
 414 000e FFF7FEFF 		bl	MX_USART2_UART_Init
 415              	.LVL13:
 416              	.L20:
  98:Core/Src/main.c ****   {
 417              		.loc 1 98 3 discriminator 1 view .LVU118
 100:Core/Src/main.c **** 	  HAL_GPIO_TogglePin(GPIOB,GPIO_PIN_13);
 418              		.loc 1 100 8 discriminator 1 view .LVU119
 419 0012 4FF47A70 		mov	r0, #1000
ARM GAS  C:\Users\mqsau\AppData\Local\Temp\cck6Qd2y.s 			page 16


 420 0016 FFF7FEFF 		bl	HAL_Delay
 421              	.LVL14:
 101:Core/Src/main.c ****     /* USER CODE END WHILE */
 422              		.loc 1 101 4 discriminator 1 view .LVU120
 423 001a 4FF40051 		mov	r1, #8192
 424 001e 0248     		ldr	r0, .L22
 425 0020 FFF7FEFF 		bl	HAL_GPIO_TogglePin
 426              	.LVL15:
  98:Core/Src/main.c ****   {
 427              		.loc 1 98 9 discriminator 1 view .LVU121
 428 0024 F5E7     		b	.L20
 429              	.L23:
 430 0026 00BF     		.align	2
 431              	.L22:
 432 0028 00040048 		.word	1207960576
 433              		.cfi_endproc
 434              	.LFE123:
 436              		.global	huart2
 437              		.section	.bss.huart2,"aw",%nobits
 438              		.align	2
 439              		.set	.LANCHOR0,. + 0
 442              	huart2:
 443 0000 00000000 		.space	136
 443      00000000 
 443      00000000 
 443      00000000 
 443      00000000 
 444              		.text
 445              	.Letext0:
 446              		.file 3 "c:\\st\\dev\\toolchain\\gcc-arm-none-eabi-10.3-2021.10\\arm-none-eabi\\include\\machine\\
 447              		.file 4 "c:\\st\\dev\\toolchain\\gcc-arm-none-eabi-10.3-2021.10\\arm-none-eabi\\include\\sys\\_std
 448              		.file 5 "Drivers/CMSIS/Device/ST/STM32F3xx/Include/stm32f302x8.h"
 449              		.file 6 "Drivers/STM32F3xx_HAL_Driver/Inc/stm32f3xx_hal_def.h"
 450              		.file 7 "Drivers/STM32F3xx_HAL_Driver/Inc/stm32f3xx_hal_rcc.h"
 451              		.file 8 "Drivers/STM32F3xx_HAL_Driver/Inc/stm32f3xx_hal_gpio.h"
 452              		.file 9 "Drivers/STM32F3xx_HAL_Driver/Inc/stm32f3xx_hal_dma.h"
 453              		.file 10 "Drivers/STM32F3xx_HAL_Driver/Inc/stm32f3xx_hal_uart.h"
 454              		.file 11 "Drivers/STM32F3xx_HAL_Driver/Inc/stm32f3xx_hal.h"
 455              		.file 12 "<built-in>"
ARM GAS  C:\Users\mqsau\AppData\Local\Temp\cck6Qd2y.s 			page 17


DEFINED SYMBOLS
                            *ABS*:00000000 main.c
C:\Users\mqsau\AppData\Local\Temp\cck6Qd2y.s:20     .text.MX_GPIO_Init:00000000 $t
C:\Users\mqsau\AppData\Local\Temp\cck6Qd2y.s:25     .text.MX_GPIO_Init:00000000 MX_GPIO_Init
C:\Users\mqsau\AppData\Local\Temp\cck6Qd2y.s:161    .text.MX_GPIO_Init:00000094 $d
C:\Users\mqsau\AppData\Local\Temp\cck6Qd2y.s:168    .text.Error_Handler:00000000 $t
C:\Users\mqsau\AppData\Local\Temp\cck6Qd2y.s:174    .text.Error_Handler:00000000 Error_Handler
C:\Users\mqsau\AppData\Local\Temp\cck6Qd2y.s:206    .text.MX_USART2_UART_Init:00000000 $t
C:\Users\mqsau\AppData\Local\Temp\cck6Qd2y.s:211    .text.MX_USART2_UART_Init:00000000 MX_USART2_UART_Init
C:\Users\mqsau\AppData\Local\Temp\cck6Qd2y.s:272    .text.MX_USART2_UART_Init:00000030 $d
C:\Users\mqsau\AppData\Local\Temp\cck6Qd2y.s:278    .text.SystemClock_Config:00000000 $t
C:\Users\mqsau\AppData\Local\Temp\cck6Qd2y.s:284    .text.SystemClock_Config:00000000 SystemClock_Config
C:\Users\mqsau\AppData\Local\Temp\cck6Qd2y.s:386    .text.main:00000000 $t
C:\Users\mqsau\AppData\Local\Temp\cck6Qd2y.s:392    .text.main:00000000 main
C:\Users\mqsau\AppData\Local\Temp\cck6Qd2y.s:432    .text.main:00000028 $d
C:\Users\mqsau\AppData\Local\Temp\cck6Qd2y.s:442    .bss.huart2:00000000 huart2
C:\Users\mqsau\AppData\Local\Temp\cck6Qd2y.s:438    .bss.huart2:00000000 $d

UNDEFINED SYMBOLS
HAL_GPIO_WritePin
HAL_GPIO_Init
HAL_UART_Init
memset
HAL_RCC_OscConfig
HAL_RCC_ClockConfig
HAL_Init
HAL_Delay
HAL_GPIO_TogglePin
