ARM GAS  C:\Users\mqsau\AppData\Local\Temp\ccuJeyxE.s 			page 1


   1              		.cpu cortex-m4
   2              		.arch armv7e-m
   3              		.fpu fpv4-sp-d16
   4              		.eabi_attribute 27, 1
   5              		.eabi_attribute 28, 1
   6              		.eabi_attribute 20, 1
   7              		.eabi_attribute 21, 1
   8              		.eabi_attribute 23, 3
   9              		.eabi_attribute 24, 1
  10              		.eabi_attribute 25, 1
  11              		.eabi_attribute 26, 1
  12              		.eabi_attribute 30, 1
  13              		.eabi_attribute 34, 1
  14              		.eabi_attribute 18, 4
  15              		.file	"stm32f3xx_hal_msp.c"
  16              		.text
  17              	.Ltext0:
  18              		.cfi_sections	.debug_frame
  19              		.section	.text.HAL_MspInit,"ax",%progbits
  20              		.align	1
  21              		.global	HAL_MspInit
  22              		.syntax unified
  23              		.thumb
  24              		.thumb_func
  26              	HAL_MspInit:
  27              	.LFB123:
  28              		.file 1 "Core/Src/stm32f3xx_hal_msp.c"
   1:Core/Src/stm32f3xx_hal_msp.c **** /* USER CODE BEGIN Header */
   2:Core/Src/stm32f3xx_hal_msp.c **** /**
   3:Core/Src/stm32f3xx_hal_msp.c ****   ******************************************************************************
   4:Core/Src/stm32f3xx_hal_msp.c ****   * @file         stm32f3xx_hal_msp.c
   5:Core/Src/stm32f3xx_hal_msp.c ****   * @brief        This file provides code for the MSP Initialization
   6:Core/Src/stm32f3xx_hal_msp.c ****   *               and de-Initialization codes.
   7:Core/Src/stm32f3xx_hal_msp.c ****   ******************************************************************************
   8:Core/Src/stm32f3xx_hal_msp.c ****   * @attention
   9:Core/Src/stm32f3xx_hal_msp.c ****   *
  10:Core/Src/stm32f3xx_hal_msp.c ****   * Copyright (c) 2024 STMicroelectronics.
  11:Core/Src/stm32f3xx_hal_msp.c ****   * All rights reserved.
  12:Core/Src/stm32f3xx_hal_msp.c ****   *
  13:Core/Src/stm32f3xx_hal_msp.c ****   * This software is licensed under terms that can be found in the LICENSE file
  14:Core/Src/stm32f3xx_hal_msp.c ****   * in the root directory of this software component.
  15:Core/Src/stm32f3xx_hal_msp.c ****   * If no LICENSE file comes with this software, it is provided AS-IS.
  16:Core/Src/stm32f3xx_hal_msp.c ****   *
  17:Core/Src/stm32f3xx_hal_msp.c ****   ******************************************************************************
  18:Core/Src/stm32f3xx_hal_msp.c ****   */
  19:Core/Src/stm32f3xx_hal_msp.c **** /* USER CODE END Header */
  20:Core/Src/stm32f3xx_hal_msp.c **** 
  21:Core/Src/stm32f3xx_hal_msp.c **** /* Includes ------------------------------------------------------------------*/
  22:Core/Src/stm32f3xx_hal_msp.c **** #include "main.h"
  23:Core/Src/stm32f3xx_hal_msp.c **** /* USER CODE BEGIN Includes */
  24:Core/Src/stm32f3xx_hal_msp.c **** 
  25:Core/Src/stm32f3xx_hal_msp.c **** /* USER CODE END Includes */
  26:Core/Src/stm32f3xx_hal_msp.c **** 
  27:Core/Src/stm32f3xx_hal_msp.c **** /* Private typedef -----------------------------------------------------------*/
  28:Core/Src/stm32f3xx_hal_msp.c **** /* USER CODE BEGIN TD */
  29:Core/Src/stm32f3xx_hal_msp.c **** 
  30:Core/Src/stm32f3xx_hal_msp.c **** /* USER CODE END TD */
ARM GAS  C:\Users\mqsau\AppData\Local\Temp\ccuJeyxE.s 			page 2


  31:Core/Src/stm32f3xx_hal_msp.c **** 
  32:Core/Src/stm32f3xx_hal_msp.c **** /* Private define ------------------------------------------------------------*/
  33:Core/Src/stm32f3xx_hal_msp.c **** /* USER CODE BEGIN Define */
  34:Core/Src/stm32f3xx_hal_msp.c **** 
  35:Core/Src/stm32f3xx_hal_msp.c **** /* USER CODE END Define */
  36:Core/Src/stm32f3xx_hal_msp.c **** 
  37:Core/Src/stm32f3xx_hal_msp.c **** /* Private macro -------------------------------------------------------------*/
  38:Core/Src/stm32f3xx_hal_msp.c **** /* USER CODE BEGIN Macro */
  39:Core/Src/stm32f3xx_hal_msp.c **** 
  40:Core/Src/stm32f3xx_hal_msp.c **** /* USER CODE END Macro */
  41:Core/Src/stm32f3xx_hal_msp.c **** 
  42:Core/Src/stm32f3xx_hal_msp.c **** /* Private variables ---------------------------------------------------------*/
  43:Core/Src/stm32f3xx_hal_msp.c **** /* USER CODE BEGIN PV */
  44:Core/Src/stm32f3xx_hal_msp.c **** 
  45:Core/Src/stm32f3xx_hal_msp.c **** /* USER CODE END PV */
  46:Core/Src/stm32f3xx_hal_msp.c **** 
  47:Core/Src/stm32f3xx_hal_msp.c **** /* Private function prototypes -----------------------------------------------*/
  48:Core/Src/stm32f3xx_hal_msp.c **** /* USER CODE BEGIN PFP */
  49:Core/Src/stm32f3xx_hal_msp.c **** 
  50:Core/Src/stm32f3xx_hal_msp.c **** /* USER CODE END PFP */
  51:Core/Src/stm32f3xx_hal_msp.c **** 
  52:Core/Src/stm32f3xx_hal_msp.c **** /* External functions --------------------------------------------------------*/
  53:Core/Src/stm32f3xx_hal_msp.c **** /* USER CODE BEGIN ExternalFunctions */
  54:Core/Src/stm32f3xx_hal_msp.c **** 
  55:Core/Src/stm32f3xx_hal_msp.c **** /* USER CODE END ExternalFunctions */
  56:Core/Src/stm32f3xx_hal_msp.c **** 
  57:Core/Src/stm32f3xx_hal_msp.c **** /* USER CODE BEGIN 0 */
  58:Core/Src/stm32f3xx_hal_msp.c **** 
  59:Core/Src/stm32f3xx_hal_msp.c **** /* USER CODE END 0 */
  60:Core/Src/stm32f3xx_hal_msp.c **** /**
  61:Core/Src/stm32f3xx_hal_msp.c ****   * Initializes the Global MSP.
  62:Core/Src/stm32f3xx_hal_msp.c ****   */
  63:Core/Src/stm32f3xx_hal_msp.c **** void HAL_MspInit(void)
  64:Core/Src/stm32f3xx_hal_msp.c **** {
  29              		.loc 1 64 1 view -0
  30              		.cfi_startproc
  31              		@ args = 0, pretend = 0, frame = 8
  32              		@ frame_needed = 0, uses_anonymous_args = 0
  33 0000 00B5     		push	{lr}
  34              	.LCFI0:
  35              		.cfi_def_cfa_offset 4
  36              		.cfi_offset 14, -4
  37 0002 83B0     		sub	sp, sp, #12
  38              	.LCFI1:
  39              		.cfi_def_cfa_offset 16
  65:Core/Src/stm32f3xx_hal_msp.c **** 
  66:Core/Src/stm32f3xx_hal_msp.c ****   /* USER CODE BEGIN MspInit 0 */
  67:Core/Src/stm32f3xx_hal_msp.c **** 
  68:Core/Src/stm32f3xx_hal_msp.c ****   /* USER CODE END MspInit 0 */
  69:Core/Src/stm32f3xx_hal_msp.c **** 
  70:Core/Src/stm32f3xx_hal_msp.c ****   __HAL_RCC_SYSCFG_CLK_ENABLE();
  40              		.loc 1 70 3 view .LVU1
  41              	.LBB2:
  42              		.loc 1 70 3 view .LVU2
  43              		.loc 1 70 3 view .LVU3
  44 0004 0C4B     		ldr	r3, .L3
  45 0006 9A69     		ldr	r2, [r3, #24]
ARM GAS  C:\Users\mqsau\AppData\Local\Temp\ccuJeyxE.s 			page 3


  46 0008 42F00102 		orr	r2, r2, #1
  47 000c 9A61     		str	r2, [r3, #24]
  48              		.loc 1 70 3 view .LVU4
  49 000e 9A69     		ldr	r2, [r3, #24]
  50 0010 02F00102 		and	r2, r2, #1
  51 0014 0092     		str	r2, [sp]
  52              		.loc 1 70 3 view .LVU5
  53 0016 009A     		ldr	r2, [sp]
  54              	.LBE2:
  55              		.loc 1 70 3 view .LVU6
  71:Core/Src/stm32f3xx_hal_msp.c ****   __HAL_RCC_PWR_CLK_ENABLE();
  56              		.loc 1 71 3 view .LVU7
  57              	.LBB3:
  58              		.loc 1 71 3 view .LVU8
  59              		.loc 1 71 3 view .LVU9
  60 0018 DA69     		ldr	r2, [r3, #28]
  61 001a 42F08052 		orr	r2, r2, #268435456
  62 001e DA61     		str	r2, [r3, #28]
  63              		.loc 1 71 3 view .LVU10
  64 0020 DB69     		ldr	r3, [r3, #28]
  65 0022 03F08053 		and	r3, r3, #268435456
  66 0026 0193     		str	r3, [sp, #4]
  67              		.loc 1 71 3 view .LVU11
  68 0028 019B     		ldr	r3, [sp, #4]
  69              	.LBE3:
  70              		.loc 1 71 3 view .LVU12
  72:Core/Src/stm32f3xx_hal_msp.c **** 
  73:Core/Src/stm32f3xx_hal_msp.c ****   HAL_NVIC_SetPriorityGrouping(NVIC_PRIORITYGROUP_0);
  71              		.loc 1 73 3 view .LVU13
  72 002a 0720     		movs	r0, #7
  73 002c FFF7FEFF 		bl	HAL_NVIC_SetPriorityGrouping
  74              	.LVL0:
  74:Core/Src/stm32f3xx_hal_msp.c **** 
  75:Core/Src/stm32f3xx_hal_msp.c ****   /* System interrupt init*/
  76:Core/Src/stm32f3xx_hal_msp.c **** 
  77:Core/Src/stm32f3xx_hal_msp.c ****   /* USER CODE BEGIN MspInit 1 */
  78:Core/Src/stm32f3xx_hal_msp.c **** 
  79:Core/Src/stm32f3xx_hal_msp.c ****   /* USER CODE END MspInit 1 */
  80:Core/Src/stm32f3xx_hal_msp.c **** }
  75              		.loc 1 80 1 is_stmt 0 view .LVU14
  76 0030 03B0     		add	sp, sp, #12
  77              	.LCFI2:
  78              		.cfi_def_cfa_offset 4
  79              		@ sp needed
  80 0032 5DF804FB 		ldr	pc, [sp], #4
  81              	.L4:
  82 0036 00BF     		.align	2
  83              	.L3:
  84 0038 00100240 		.word	1073876992
  85              		.cfi_endproc
  86              	.LFE123:
  88              		.section	.text.HAL_UART_MspInit,"ax",%progbits
  89              		.align	1
  90              		.global	HAL_UART_MspInit
  91              		.syntax unified
  92              		.thumb
  93              		.thumb_func
ARM GAS  C:\Users\mqsau\AppData\Local\Temp\ccuJeyxE.s 			page 4


  95              	HAL_UART_MspInit:
  96              	.LVL1:
  97              	.LFB124:
  81:Core/Src/stm32f3xx_hal_msp.c **** 
  82:Core/Src/stm32f3xx_hal_msp.c **** /**
  83:Core/Src/stm32f3xx_hal_msp.c **** * @brief UART MSP Initialization
  84:Core/Src/stm32f3xx_hal_msp.c **** * This function configures the hardware resources used in this example
  85:Core/Src/stm32f3xx_hal_msp.c **** * @param huart: UART handle pointer
  86:Core/Src/stm32f3xx_hal_msp.c **** * @retval None
  87:Core/Src/stm32f3xx_hal_msp.c **** */
  88:Core/Src/stm32f3xx_hal_msp.c **** void HAL_UART_MspInit(UART_HandleTypeDef* huart)
  89:Core/Src/stm32f3xx_hal_msp.c **** {
  98              		.loc 1 89 1 is_stmt 1 view -0
  99              		.cfi_startproc
 100              		@ args = 0, pretend = 0, frame = 32
 101              		@ frame_needed = 0, uses_anonymous_args = 0
 102              		.loc 1 89 1 is_stmt 0 view .LVU16
 103 0000 00B5     		push	{lr}
 104              	.LCFI3:
 105              		.cfi_def_cfa_offset 4
 106              		.cfi_offset 14, -4
 107 0002 89B0     		sub	sp, sp, #36
 108              	.LCFI4:
 109              		.cfi_def_cfa_offset 40
  90:Core/Src/stm32f3xx_hal_msp.c ****   GPIO_InitTypeDef GPIO_InitStruct = {0};
 110              		.loc 1 90 3 is_stmt 1 view .LVU17
 111              		.loc 1 90 20 is_stmt 0 view .LVU18
 112 0004 0023     		movs	r3, #0
 113 0006 0393     		str	r3, [sp, #12]
 114 0008 0493     		str	r3, [sp, #16]
 115 000a 0593     		str	r3, [sp, #20]
 116 000c 0693     		str	r3, [sp, #24]
 117 000e 0793     		str	r3, [sp, #28]
  91:Core/Src/stm32f3xx_hal_msp.c ****   if(huart->Instance==USART2)
 118              		.loc 1 91 3 is_stmt 1 view .LVU19
 119              		.loc 1 91 11 is_stmt 0 view .LVU20
 120 0010 0268     		ldr	r2, [r0]
 121              		.loc 1 91 5 view .LVU21
 122 0012 134B     		ldr	r3, .L9
 123 0014 9A42     		cmp	r2, r3
 124 0016 02D0     		beq	.L8
 125              	.LVL2:
 126              	.L5:
  92:Core/Src/stm32f3xx_hal_msp.c ****   {
  93:Core/Src/stm32f3xx_hal_msp.c ****   /* USER CODE BEGIN USART2_MspInit 0 */
  94:Core/Src/stm32f3xx_hal_msp.c **** 
  95:Core/Src/stm32f3xx_hal_msp.c ****   /* USER CODE END USART2_MspInit 0 */
  96:Core/Src/stm32f3xx_hal_msp.c ****     /* Peripheral clock enable */
  97:Core/Src/stm32f3xx_hal_msp.c ****     __HAL_RCC_USART2_CLK_ENABLE();
  98:Core/Src/stm32f3xx_hal_msp.c **** 
  99:Core/Src/stm32f3xx_hal_msp.c ****     __HAL_RCC_GPIOA_CLK_ENABLE();
 100:Core/Src/stm32f3xx_hal_msp.c ****     /**USART2 GPIO Configuration
 101:Core/Src/stm32f3xx_hal_msp.c ****     PA2     ------> USART2_TX
 102:Core/Src/stm32f3xx_hal_msp.c ****     PA3     ------> USART2_RX
 103:Core/Src/stm32f3xx_hal_msp.c ****     */
 104:Core/Src/stm32f3xx_hal_msp.c ****     GPIO_InitStruct.Pin = USART_TX_Pin|USART_RX_Pin;
 105:Core/Src/stm32f3xx_hal_msp.c ****     GPIO_InitStruct.Mode = GPIO_MODE_AF_PP;
ARM GAS  C:\Users\mqsau\AppData\Local\Temp\ccuJeyxE.s 			page 5


 106:Core/Src/stm32f3xx_hal_msp.c ****     GPIO_InitStruct.Pull = GPIO_NOPULL;
 107:Core/Src/stm32f3xx_hal_msp.c ****     GPIO_InitStruct.Speed = GPIO_SPEED_FREQ_LOW;
 108:Core/Src/stm32f3xx_hal_msp.c ****     GPIO_InitStruct.Alternate = GPIO_AF7_USART2;
 109:Core/Src/stm32f3xx_hal_msp.c ****     HAL_GPIO_Init(GPIOA, &GPIO_InitStruct);
 110:Core/Src/stm32f3xx_hal_msp.c **** 
 111:Core/Src/stm32f3xx_hal_msp.c ****   /* USER CODE BEGIN USART2_MspInit 1 */
 112:Core/Src/stm32f3xx_hal_msp.c **** 
 113:Core/Src/stm32f3xx_hal_msp.c ****   /* USER CODE END USART2_MspInit 1 */
 114:Core/Src/stm32f3xx_hal_msp.c ****   }
 115:Core/Src/stm32f3xx_hal_msp.c **** 
 116:Core/Src/stm32f3xx_hal_msp.c **** }
 127              		.loc 1 116 1 view .LVU22
 128 0018 09B0     		add	sp, sp, #36
 129              	.LCFI5:
 130              		.cfi_remember_state
 131              		.cfi_def_cfa_offset 4
 132              		@ sp needed
 133 001a 5DF804FB 		ldr	pc, [sp], #4
 134              	.LVL3:
 135              	.L8:
 136              	.LCFI6:
 137              		.cfi_restore_state
  97:Core/Src/stm32f3xx_hal_msp.c **** 
 138              		.loc 1 97 5 is_stmt 1 view .LVU23
 139              	.LBB4:
  97:Core/Src/stm32f3xx_hal_msp.c **** 
 140              		.loc 1 97 5 view .LVU24
  97:Core/Src/stm32f3xx_hal_msp.c **** 
 141              		.loc 1 97 5 view .LVU25
 142 001e 03F5E633 		add	r3, r3, #117760
 143 0022 DA69     		ldr	r2, [r3, #28]
 144 0024 42F40032 		orr	r2, r2, #131072
 145 0028 DA61     		str	r2, [r3, #28]
  97:Core/Src/stm32f3xx_hal_msp.c **** 
 146              		.loc 1 97 5 view .LVU26
 147 002a DA69     		ldr	r2, [r3, #28]
 148 002c 02F40032 		and	r2, r2, #131072
 149 0030 0192     		str	r2, [sp, #4]
  97:Core/Src/stm32f3xx_hal_msp.c **** 
 150              		.loc 1 97 5 view .LVU27
 151 0032 019A     		ldr	r2, [sp, #4]
 152              	.LBE4:
  97:Core/Src/stm32f3xx_hal_msp.c **** 
 153              		.loc 1 97 5 view .LVU28
  99:Core/Src/stm32f3xx_hal_msp.c ****     /**USART2 GPIO Configuration
 154              		.loc 1 99 5 view .LVU29
 155              	.LBB5:
  99:Core/Src/stm32f3xx_hal_msp.c ****     /**USART2 GPIO Configuration
 156              		.loc 1 99 5 view .LVU30
  99:Core/Src/stm32f3xx_hal_msp.c ****     /**USART2 GPIO Configuration
 157              		.loc 1 99 5 view .LVU31
 158 0034 5A69     		ldr	r2, [r3, #20]
 159 0036 42F40032 		orr	r2, r2, #131072
 160 003a 5A61     		str	r2, [r3, #20]
  99:Core/Src/stm32f3xx_hal_msp.c ****     /**USART2 GPIO Configuration
 161              		.loc 1 99 5 view .LVU32
 162 003c 5B69     		ldr	r3, [r3, #20]
ARM GAS  C:\Users\mqsau\AppData\Local\Temp\ccuJeyxE.s 			page 6


 163 003e 03F40033 		and	r3, r3, #131072
 164 0042 0293     		str	r3, [sp, #8]
  99:Core/Src/stm32f3xx_hal_msp.c ****     /**USART2 GPIO Configuration
 165              		.loc 1 99 5 view .LVU33
 166 0044 029B     		ldr	r3, [sp, #8]
 167              	.LBE5:
  99:Core/Src/stm32f3xx_hal_msp.c ****     /**USART2 GPIO Configuration
 168              		.loc 1 99 5 view .LVU34
 104:Core/Src/stm32f3xx_hal_msp.c ****     GPIO_InitStruct.Mode = GPIO_MODE_AF_PP;
 169              		.loc 1 104 5 view .LVU35
 104:Core/Src/stm32f3xx_hal_msp.c ****     GPIO_InitStruct.Mode = GPIO_MODE_AF_PP;
 170              		.loc 1 104 25 is_stmt 0 view .LVU36
 171 0046 0C23     		movs	r3, #12
 172 0048 0393     		str	r3, [sp, #12]
 105:Core/Src/stm32f3xx_hal_msp.c ****     GPIO_InitStruct.Pull = GPIO_NOPULL;
 173              		.loc 1 105 5 is_stmt 1 view .LVU37
 105:Core/Src/stm32f3xx_hal_msp.c ****     GPIO_InitStruct.Pull = GPIO_NOPULL;
 174              		.loc 1 105 26 is_stmt 0 view .LVU38
 175 004a 0223     		movs	r3, #2
 176 004c 0493     		str	r3, [sp, #16]
 106:Core/Src/stm32f3xx_hal_msp.c ****     GPIO_InitStruct.Speed = GPIO_SPEED_FREQ_LOW;
 177              		.loc 1 106 5 is_stmt 1 view .LVU39
 107:Core/Src/stm32f3xx_hal_msp.c ****     GPIO_InitStruct.Alternate = GPIO_AF7_USART2;
 178              		.loc 1 107 5 view .LVU40
 108:Core/Src/stm32f3xx_hal_msp.c ****     HAL_GPIO_Init(GPIOA, &GPIO_InitStruct);
 179              		.loc 1 108 5 view .LVU41
 108:Core/Src/stm32f3xx_hal_msp.c ****     HAL_GPIO_Init(GPIOA, &GPIO_InitStruct);
 180              		.loc 1 108 31 is_stmt 0 view .LVU42
 181 004e 0723     		movs	r3, #7
 182 0050 0793     		str	r3, [sp, #28]
 109:Core/Src/stm32f3xx_hal_msp.c **** 
 183              		.loc 1 109 5 is_stmt 1 view .LVU43
 184 0052 03A9     		add	r1, sp, #12
 185 0054 4FF09040 		mov	r0, #1207959552
 186              	.LVL4:
 109:Core/Src/stm32f3xx_hal_msp.c **** 
 187              		.loc 1 109 5 is_stmt 0 view .LVU44
 188 0058 FFF7FEFF 		bl	HAL_GPIO_Init
 189              	.LVL5:
 190              		.loc 1 116 1 view .LVU45
 191 005c DCE7     		b	.L5
 192              	.L10:
 193 005e 00BF     		.align	2
 194              	.L9:
 195 0060 00440040 		.word	1073759232
 196              		.cfi_endproc
 197              	.LFE124:
 199              		.section	.text.HAL_UART_MspDeInit,"ax",%progbits
 200              		.align	1
 201              		.global	HAL_UART_MspDeInit
 202              		.syntax unified
 203              		.thumb
 204              		.thumb_func
 206              	HAL_UART_MspDeInit:
 207              	.LVL6:
 208              	.LFB125:
 117:Core/Src/stm32f3xx_hal_msp.c **** 
ARM GAS  C:\Users\mqsau\AppData\Local\Temp\ccuJeyxE.s 			page 7


 118:Core/Src/stm32f3xx_hal_msp.c **** /**
 119:Core/Src/stm32f3xx_hal_msp.c **** * @brief UART MSP De-Initialization
 120:Core/Src/stm32f3xx_hal_msp.c **** * This function freeze the hardware resources used in this example
 121:Core/Src/stm32f3xx_hal_msp.c **** * @param huart: UART handle pointer
 122:Core/Src/stm32f3xx_hal_msp.c **** * @retval None
 123:Core/Src/stm32f3xx_hal_msp.c **** */
 124:Core/Src/stm32f3xx_hal_msp.c **** void HAL_UART_MspDeInit(UART_HandleTypeDef* huart)
 125:Core/Src/stm32f3xx_hal_msp.c **** {
 209              		.loc 1 125 1 is_stmt 1 view -0
 210              		.cfi_startproc
 211              		@ args = 0, pretend = 0, frame = 0
 212              		@ frame_needed = 0, uses_anonymous_args = 0
 213              		.loc 1 125 1 is_stmt 0 view .LVU47
 214 0000 08B5     		push	{r3, lr}
 215              	.LCFI7:
 216              		.cfi_def_cfa_offset 8
 217              		.cfi_offset 3, -8
 218              		.cfi_offset 14, -4
 126:Core/Src/stm32f3xx_hal_msp.c ****   if(huart->Instance==USART2)
 219              		.loc 1 126 3 is_stmt 1 view .LVU48
 220              		.loc 1 126 11 is_stmt 0 view .LVU49
 221 0002 0268     		ldr	r2, [r0]
 222              		.loc 1 126 5 view .LVU50
 223 0004 074B     		ldr	r3, .L15
 224 0006 9A42     		cmp	r2, r3
 225 0008 00D0     		beq	.L14
 226              	.LVL7:
 227              	.L11:
 127:Core/Src/stm32f3xx_hal_msp.c ****   {
 128:Core/Src/stm32f3xx_hal_msp.c ****   /* USER CODE BEGIN USART2_MspDeInit 0 */
 129:Core/Src/stm32f3xx_hal_msp.c **** 
 130:Core/Src/stm32f3xx_hal_msp.c ****   /* USER CODE END USART2_MspDeInit 0 */
 131:Core/Src/stm32f3xx_hal_msp.c ****     /* Peripheral clock disable */
 132:Core/Src/stm32f3xx_hal_msp.c ****     __HAL_RCC_USART2_CLK_DISABLE();
 133:Core/Src/stm32f3xx_hal_msp.c **** 
 134:Core/Src/stm32f3xx_hal_msp.c ****     /**USART2 GPIO Configuration
 135:Core/Src/stm32f3xx_hal_msp.c ****     PA2     ------> USART2_TX
 136:Core/Src/stm32f3xx_hal_msp.c ****     PA3     ------> USART2_RX
 137:Core/Src/stm32f3xx_hal_msp.c ****     */
 138:Core/Src/stm32f3xx_hal_msp.c ****     HAL_GPIO_DeInit(GPIOA, USART_TX_Pin|USART_RX_Pin);
 139:Core/Src/stm32f3xx_hal_msp.c **** 
 140:Core/Src/stm32f3xx_hal_msp.c ****   /* USER CODE BEGIN USART2_MspDeInit 1 */
 141:Core/Src/stm32f3xx_hal_msp.c **** 
 142:Core/Src/stm32f3xx_hal_msp.c ****   /* USER CODE END USART2_MspDeInit 1 */
 143:Core/Src/stm32f3xx_hal_msp.c ****   }
 144:Core/Src/stm32f3xx_hal_msp.c **** 
 145:Core/Src/stm32f3xx_hal_msp.c **** }
 228              		.loc 1 145 1 view .LVU51
 229 000a 08BD     		pop	{r3, pc}
 230              	.LVL8:
 231              	.L14:
 132:Core/Src/stm32f3xx_hal_msp.c **** 
 232              		.loc 1 132 5 is_stmt 1 view .LVU52
 233 000c 064A     		ldr	r2, .L15+4
 234 000e D369     		ldr	r3, [r2, #28]
 235 0010 23F40033 		bic	r3, r3, #131072
 236 0014 D361     		str	r3, [r2, #28]
ARM GAS  C:\Users\mqsau\AppData\Local\Temp\ccuJeyxE.s 			page 8


 138:Core/Src/stm32f3xx_hal_msp.c **** 
 237              		.loc 1 138 5 view .LVU53
 238 0016 0C21     		movs	r1, #12
 239 0018 4FF09040 		mov	r0, #1207959552
 240              	.LVL9:
 138:Core/Src/stm32f3xx_hal_msp.c **** 
 241              		.loc 1 138 5 is_stmt 0 view .LVU54
 242 001c FFF7FEFF 		bl	HAL_GPIO_DeInit
 243              	.LVL10:
 244              		.loc 1 145 1 view .LVU55
 245 0020 F3E7     		b	.L11
 246              	.L16:
 247 0022 00BF     		.align	2
 248              	.L15:
 249 0024 00440040 		.word	1073759232
 250 0028 00100240 		.word	1073876992
 251              		.cfi_endproc
 252              	.LFE125:
 254              		.text
 255              	.Letext0:
 256              		.file 2 "c:\\st\\dev\\toolchain\\gcc-arm-none-eabi-10.3-2021.10\\arm-none-eabi\\include\\machine\\
 257              		.file 3 "c:\\st\\dev\\toolchain\\gcc-arm-none-eabi-10.3-2021.10\\arm-none-eabi\\include\\sys\\_std
 258              		.file 4 "Drivers/CMSIS/Device/ST/STM32F3xx/Include/stm32f302x8.h"
 259              		.file 5 "Drivers/STM32F3xx_HAL_Driver/Inc/stm32f3xx_hal_def.h"
 260              		.file 6 "Drivers/STM32F3xx_HAL_Driver/Inc/stm32f3xx_hal_gpio.h"
 261              		.file 7 "Drivers/STM32F3xx_HAL_Driver/Inc/stm32f3xx_hal_dma.h"
 262              		.file 8 "Drivers/STM32F3xx_HAL_Driver/Inc/stm32f3xx_hal_uart.h"
 263              		.file 9 "Drivers/STM32F3xx_HAL_Driver/Inc/stm32f3xx_hal_cortex.h"
ARM GAS  C:\Users\mqsau\AppData\Local\Temp\ccuJeyxE.s 			page 9


DEFINED SYMBOLS
                            *ABS*:00000000 stm32f3xx_hal_msp.c
C:\Users\mqsau\AppData\Local\Temp\ccuJeyxE.s:20     .text.HAL_MspInit:00000000 $t
C:\Users\mqsau\AppData\Local\Temp\ccuJeyxE.s:26     .text.HAL_MspInit:00000000 HAL_MspInit
C:\Users\mqsau\AppData\Local\Temp\ccuJeyxE.s:84     .text.HAL_MspInit:00000038 $d
C:\Users\mqsau\AppData\Local\Temp\ccuJeyxE.s:89     .text.HAL_UART_MspInit:00000000 $t
C:\Users\mqsau\AppData\Local\Temp\ccuJeyxE.s:95     .text.HAL_UART_MspInit:00000000 HAL_UART_MspInit
C:\Users\mqsau\AppData\Local\Temp\ccuJeyxE.s:195    .text.HAL_UART_MspInit:00000060 $d
C:\Users\mqsau\AppData\Local\Temp\ccuJeyxE.s:200    .text.HAL_UART_MspDeInit:00000000 $t
C:\Users\mqsau\AppData\Local\Temp\ccuJeyxE.s:206    .text.HAL_UART_MspDeInit:00000000 HAL_UART_MspDeInit
C:\Users\mqsau\AppData\Local\Temp\ccuJeyxE.s:249    .text.HAL_UART_MspDeInit:00000024 $d

UNDEFINED SYMBOLS
HAL_NVIC_SetPriorityGrouping
HAL_GPIO_Init
HAL_GPIO_DeInit
